<?xml version="1.0" encoding="UTF-8" ?>
<testsuite tests="1" failures="0" name="es.ucm.fdi.PruebaCerrarSesionTest" time="0.143" errors="0" skipped="0">
  <properties>
    <property name="java.runtime.name" value="Java(TM) SE Runtime Environment"/>
    <property name="sun.boot.library.path" value="C:\JDK\jdk8-64bits\jre\bin"/>
    <property name="java.vm.version" value="25.45-b02"/>
    <property name="java.vm.vendor" value="Oracle Corporation"/>
    <property name="java.vendor.url" value="http://java.oracle.com/"/>
    <property name="path.separator" value=";"/>
    <property name="guice.disable.misplaced.annotation.check" value="true"/>
    <property name="java.vm.name" value="Java HotSpot(TM) 64-Bit Server VM"/>
    <property name="file.encoding.pkg" value="sun.io"/>
    <property name="user.script" value=""/>
    <property name="user.country" value="ES"/>
    <property name="sun.java.launcher" value="SUN_STANDARD"/>
    <property name="sun.os.patch.level" value="Service Pack 1"/>
    <property name="java.vm.specification.name" value="Java Virtual Machine Specification"/>
    <property name="user.dir" value="c:\hlocal\CODIGO23052017v2"/>
    <property name="java.runtime.version" value="1.8.0_45-b15"/>
    <property name="java.awt.graphicsenv" value="sun.awt.Win32GraphicsEnvironment"/>
    <property name="java.endorsed.dirs" value="C:\JDK\jdk8-64bits\jre\lib\endorsed"/>
    <property name="os.arch" value="amd64"/>
    <property name="java.io.tmpdir" value="C:\Users\USUARI~1\AppData\Local\Temp\"/>
    <property name="line.separator" value="
"/>
    <property name="java.vm.specification.vendor" value="Oracle Corporation"/>
    <property name="user.variant" value=""/>
    <property name="os.name" value="Windows 7"/>
    <property name="net.sourceforge.cobertura.datafile" value="c:\hlocal\CODIGO23052017v2\target\cobertura\cobertura.ser"/>
    <property name="classworlds.conf" value="C:\software\programacion\WWW\apache-maven-3.2.3\bin\m2.conf"/>
    <property name="sun.jnu.encoding" value="Cp1252"/>
    <property name="java.library.path" value="C:\JDK\jdk8-64bits\bin;C:\Windows\Sun\Java\bin;C:\Windows\system32;C:\Windows;C:\software\programacion\WWW\apache-maven-3.2.3\bin;C:\JDK\jdk8-64bits\bin;C:\software\programacion\WWW\apache-ant-1.8.2\bin;C:\Program Files\NVIDIA GPU Computing Toolkit\CUDA\v6.5\bin;C:\Program Files\NVIDIA GPU Computing Toolkit\CUDA\v6.5\libnvvp;C:\Program Files\Haskell\bin;C:\software\programacion\haskell\Haskell2014p2\lib\extralibs\bin;C:\software\programacion\haskell\Haskell2014p2\bin;C:\ProgramData\Oracle\Java\javapath;c:\Python27\Lib\site-packages\PyQt4;C:\software\programacion\INTELOpenCL\bin\x64;C:\software\programacion\INTELOpenCL\bin\x86;c:\software\programacion\CollabNet\SVNClient;C:\Program Files (x86)\Common Files\Microsoft Shared\Windows Live;C:\software\utilidades\LyX\MiKTeX-2.9\miktex\bin;C:\software\utilidades\LyX20\MiKTeX 2.9\miktex\bin;C:\software\bbdd\oracle\Ora11gr2_x64\cliente\bin;C:\Windows\system32;C:\Windows;C:\Windows\system32\wbem;C:\Windows\system32\windowspowershell\v1.0\;c:\software\PROGRA~1\CBUILD~1\Bin;c:\software\utilidades\LEd\MiKTeX 2.9\miktex\bin;C:\software\programacion\Protege_3.4.8\Graphviz\bin;C:\software\electronica\modelsim\win64;C:\Windows\system32;C:\Windows;C:\Windows\System32\Wbem;C:\Windows\System32\WindowsPowerShell\v1.0\;C:\Program Files\Microsoft\Web Platform Installer\;C:\Program Files (x86)\Microsoft ASP.NET\ASP.NET Web Pages\v1.0\;C:\software\electronica\ARM\EclipseARM\sourcery-g++-lite-arm-2011.03\bin;c:\software\electronica\xstools;C:\Python27;C:\Python27\DLLs;C:\Python27\Scripts;c:\Python27\gnuplot\binary;c:\software\programacion\pythonxy\SciTE-3.3.2-3;c:\software\programacion\pythonxy\console;C:\MinGW32-xy\bin;C:\Python27\Lib\site-packages\vtk;C:\Python27\Lib\site-packages\osgeo;c:\software\programacion\pythonxy\gettext\bin;C:\software\programacion\pythonxy;C:\software\estadistica\SPSS\JRE\bin;C:\Program Files (x86)\Windows Kits\8.1\Windows Performance Toolkit\;C:\Program Files\Microsoft SQL Server\110\Tools\Binn\;C:\Program Files (x86)\Microsoft SDKs\TypeScript\1.0\;C:\Program Files\Microsoft SQL Server\120\Tools\Binn\;c:\software\MatLABr2014b\runtime\win64;c:\software\MatLABr2014b\bin;C:\software\programacion\haskell\Haskell2014p2\mingw\bin;C:\software\programacion\monodevelop\gtkNET\bin;c:\Program Files (x86)\GtkSharp\2.12\bin;C:\Program Files (x86)\NVIDIA Corporation\PhysX\Common;C:\software\programacion\TortoiseSVN\bin;C:\software\programacion\TortoiseGit\bin;."/>
    <property name="java.specification.name" value="Java Platform API Specification"/>
    <property name="java.class.version" value="52.0"/>
    <property name="sun.management.compiler" value="HotSpot 64-Bit Tiered Compilers"/>
    <property name="os.version" value="6.1"/>
    <property name="user.home" value="C:\Users\usuario_local"/>
    <property name="user.timezone" value="Europe/Paris"/>
    <property name="java.awt.printerjob" value="sun.awt.windows.WPrinterJob"/>
    <property name="java.specification.version" value="1.8"/>
    <property name="file.encoding" value="Cp1252"/>
    <property name="user.name" value="usuario_local"/>
    <property name="java.class.path" value="C:\software\programacion\WWW\apache-maven-3.2.3\boot\plexus-classworlds-2.5.1.jar"/>
    <property name="java.vm.specification.version" value="1.8"/>
    <property name="sun.arch.data.model" value="64"/>
    <property name="java.home" value="C:\JDK\jdk8-64bits\jre"/>
    <property name="sun.java.command" value="org.codehaus.plexus.classworlds.launcher.Launcher cobertura:cobertura"/>
    <property name="java.specification.vendor" value="Oracle Corporation"/>
    <property name="user.language" value="es"/>
    <property name="awt.toolkit" value="sun.awt.windows.WToolkit"/>
    <property name="java.vm.info" value="mixed mode"/>
    <property name="java.version" value="1.8.0_45"/>
    <property name="java.ext.dirs" value="C:\JDK\jdk8-64bits\jre\lib\ext;C:\Windows\Sun\Java\lib\ext"/>
    <property name="sun.boot.class.path" value="C:\JDK\jdk8-64bits\jre\lib\resources.jar;C:\JDK\jdk8-64bits\jre\lib\rt.jar;C:\JDK\jdk8-64bits\jre\lib\sunrsasign.jar;C:\JDK\jdk8-64bits\jre\lib\jsse.jar;C:\JDK\jdk8-64bits\jre\lib\jce.jar;C:\JDK\jdk8-64bits\jre\lib\charsets.jar;C:\JDK\jdk8-64bits\jre\lib\jfr.jar;C:\JDK\jdk8-64bits\jre\classes"/>
    <property name="sun.stderr.encoding" value="cp850"/>
    <property name="java.vendor" value="Oracle Corporation"/>
    <property name="maven.home" value="C:\software\programacion\WWW\apache-maven-3.2.3"/>
    <property name="file.separator" value="\"/>
    <property name="java.vendor.url.bug" value="http://bugreport.sun.com/bugreport/"/>
    <property name="sun.cpu.endian" value="little"/>
    <property name="sun.io.unicode.encoding" value="UnicodeLittle"/>
    <property name="project.build.outputDirectory" value="c:\hlocal\CODIGO23052017v2\target\generated-classes\cobertura"/>
    <property name="sun.stdout.encoding" value="cp850"/>
    <property name="sun.desktop" value="windows"/>
    <property name="sun.cpu.isalist" value="amd64"/>
  </properties>
  <testcase classname="es.ucm.fdi.PruebaCerrarSesionTest" name="testSesionCerrada" time="0.143"/>
</testsuite>